<?xml version="1.0" encoding="UTF-8"?>
<robot generator="Robot 5.0 (Python 3.10.4 on win32)" generated="20230604 22:35:59.052" rpa="false" schemaversion="3">
<suite id="s1" name="testesAPI" source="C:\Users\ralph\Desktop\Teste Entrevista\Testes de API\TestesAPI\testesAPI.robot">
<test id="s1-t1" name="GET status statuscode=200 e email" line="9">
<kw name="Valido requisicao GET statuscode=200 e email" library="kwStepsGET">
<kw name="Criar sessao PlaceHolder" library="base">
<kw name="Create Session" library="RequestsLibrary">
<arg>TesteAPI</arg>
<arg>${URL_BASE}</arg>
<arg>verify=true</arg>
<doc>Create Session: create a HTTP session to a server</doc>
<msg timestamp="20230604 22:35:59.315" level="INFO">Creating Session using : alias=TesteAPI, url=https://jsonplaceholder.typicode.com, headers={},                     cookies={}, auth=None, timeout=None, proxies=None, verify=True,                     debug=0 </msg>
<status status="PASS" starttime="20230604 22:35:59.315" endtime="20230604 22:35:59.315"/>
</kw>
<status status="PASS" starttime="20230604 22:35:59.314" endtime="20230604 22:35:59.315"/>
</kw>
<kw name="Create Dictionary" library="BuiltIn">
<var>${params}</var>
<arg>name=alias odio sit</arg>
<doc>Creates and returns a dictionary based on the given ``items``.</doc>
<msg timestamp="20230604 22:35:59.315" level="INFO">${params} = {'name': 'alias odio sit'}</msg>
<status status="PASS" starttime="20230604 22:35:59.315" endtime="20230604 22:35:59.315"/>
</kw>
<kw name="GET On Session" library="RequestsLibrary">
<var>${response}</var>
<arg>TesteAPI</arg>
<arg>${endP}</arg>
<arg>params=${params}</arg>
<doc>Sends a GET request on a previously created HTTP Session.</doc>
<msg timestamp="20230604 22:35:59.776" level="INFO">GET Request : url=https://jsonplaceholder.typicode.com/comments?name=alias+odio+sit 
 path_url=/comments?name=alias+odio+sit 
 headers={'User-Agent': 'python-requests/2.28.1', 'Accept-Encoding': 'gzip, deflate', 'Accept': '*/*', 'Connection': 'keep-alive'} 
 body=None 
 </msg>
<msg timestamp="20230604 22:35:59.777" level="INFO">GET Response : url=https://jsonplaceholder.typicode.com/comments?name=alias+odio+sit 
 status=200, reason=OK 
 headers={'Date': 'Mon, 05 Jun 2023 01:35:58 GMT', 'Content-Type': 'application/json; charset=utf-8', 'Transfer-Encoding': 'chunked', 'Connection': 'keep-alive', 'X-Powered-By': 'Express', 'X-Ratelimit-Limit': '1000', 'X-Ratelimit-Remaining': '999', 'X-Ratelimit-Reset': '1685899761', 'Vary': 'Origin, Accept-Encoding', 'Access-Control-Allow-Credentials': 'true', 'Cache-Control': 'max-age=43200', 'Pragma': 'no-cache', 'Expires': '-1', 'X-Content-Type-Options': 'nosniff', 'Etag': 'W/"111-6u76iwAy3hUeWlMv+eUisvAa88Q"', 'Via': '1.1 vegur', 'CF-Cache-Status': 'REVALIDATED', 'Report-To': '{"endpoints":[{"url":"https:\\/\\/a.nel.cloudflare.com\\/report\\/v3?s=FlnvoQb0JDE7BMgFae%2FknEFhwCLltLtBl5uHJLN%2FFkEijRUfF2k6AnVkldi1fk%2B6ibe3M9jl3MHPFQdiCMP%2F51%2FIzzoLBPDRo2dUtdhZLum54HtkKJqhn5QBSpcZlRKA1%2B4a7%2B59sYSdV4CFNZf9JOu3xm0Tgq%2Bd1Zk%3D"}],"group":"cf-nel","max_age":604800}', 'NEL': '{"success_fraction":0,"report_to":"cf-nel","max_age":604800}', 'Server': 'cloudflare', 'CF-RAY': '7d24ae967deaa525-GRU', 'Content-Encoding': 'gzip'} 
 body=[
  {
    "postId": 1,
    "id": 4,
    "name": "alias odio sit",
    "email": "Lew@alysha.tv",
    "body": "non et atque\noccaecati deserunt quas accusantium unde odit nobis qui voluptatem\nquia voluptas consequuntur itaque dolor\net qui rerum deleniti ut occaecati"
  }
] 
 </msg>
<msg timestamp="20230604 22:35:59.777" level="INFO">${response} = &lt;Response [200]&gt;</msg>
<status status="PASS" starttime="20230604 22:35:59.315" endtime="20230604 22:35:59.777"/>
</kw>
<kw name="Log" library="BuiltIn">
<arg>\nStatuscode: ${response.status_code}</arg>
<arg>console=${True}</arg>
<doc>Logs the given message with the given level.</doc>
<msg timestamp="20230604 22:35:59.777" level="INFO">
Statuscode: 200</msg>
<status status="PASS" starttime="20230604 22:35:59.777" endtime="20230604 22:35:59.778"/>
</kw>
<kw name="Log" library="BuiltIn">
<arg>${response.content}</arg>
<doc>Logs the given message with the given level.</doc>
<msg timestamp="20230604 22:35:59.778" level="INFO">[
  {
    "postId": 1,
    "id": 4,
    "name": "alias odio sit",
    "email": "Lew@alysha.tv",
    "body": "non et atque\noccaecati deserunt quas accusantium unde odit nobis qui voluptatem\nquia voluptas consequuntur itaque dolor\net qui rerum deleniti ut occaecati"
  }
]</msg>
<status status="PASS" starttime="20230604 22:35:59.778" endtime="20230604 22:35:59.778"/>
</kw>
<kw name="Convert To String" library="BuiltIn">
<var>${status_code}</var>
<arg>${response.status_code}</arg>
<doc>Converts the given item to a Unicode string.</doc>
<msg timestamp="20230604 22:35:59.779" level="INFO">${status_code} = 200</msg>
<status status="PASS" starttime="20230604 22:35:59.779" endtime="20230604 22:35:59.779"/>
</kw>
<kw name="Should Be Equal" library="BuiltIn">
<arg>${status_code}</arg>
<arg>200</arg>
<doc>Fails if the given objects are unequal.</doc>
<status status="PASS" starttime="20230604 22:35:59.779" endtime="20230604 22:35:59.779"/>
</kw>
<kw name="To Json" library="RequestsLibrary">
<var>${json}</var>
<arg>${response.content}</arg>
<arg>pretty_print=True</arg>
<doc>*DEPRECATED* Please use ${resp.json()} instead. Have a look at the improved HTML output as pretty printing replacement.</doc>
<msg timestamp="20230604 22:35:59.779" level="WARN">Keyword 'RequestsLibrary.To Json' is deprecated. Please use ${resp.json()} instead. Have a look at the improved HTML output as pretty printing replacement.</msg>
<msg timestamp="20230604 22:35:59.780" level="INFO">To JSON using : content=[
  {
    "postId": 1,
    "id": 4,
    "name": "alias odio sit",
    "email": "Lew@alysha.tv",
    "body": "non et atque\noccaecati deserunt quas accusantium unde odit nobis qui voluptatem\nquia voluptas consequuntur itaque dolor\net qui rerum deleniti ut occaecati"
  }
] </msg>
<msg timestamp="20230604 22:35:59.780" level="INFO">To JSON using : pretty_print=True </msg>
<msg timestamp="20230604 22:35:59.780" level="INFO">${json} = [
    {
        "body": "non et atque\noccaecati deserunt quas accusantium unde odit nobis qui voluptatem\nquia voluptas consequuntur itaque dolor\net qui rerum deleniti ut occaecati",
        "email"...</msg>
<status status="PASS" starttime="20230604 22:35:59.779" endtime="20230604 22:35:59.780"/>
</kw>
<kw name="Log" library="BuiltIn">
<arg>\n${json}</arg>
<arg>console=yes</arg>
<doc>Logs the given message with the given level.</doc>
<msg timestamp="20230604 22:35:59.780" level="INFO">
[
    {
        "body": "non et atque\noccaecati deserunt quas accusantium unde odit nobis qui voluptatem\nquia voluptas consequuntur itaque dolor\net qui rerum deleniti ut occaecati",
        "email": "Lew@alysha.tv",
        "id": 4,
        "name": "alias odio sit",
        "postId": 1
    }
]</msg>
<status status="PASS" starttime="20230604 22:35:59.780" endtime="20230604 22:35:59.781"/>
</kw>
<kw name="Convert String To Json" library="JSONLibrary">
<var>${content}</var>
<arg>${response.content}</arg>
<doc>Convert String to JSON object</doc>
<msg timestamp="20230604 22:35:59.781" level="INFO">${content} = [{'postId': 1, 'id': 4, 'name': 'alias odio sit', 'email': 'Lew@alysha.tv', 'body': 'non et atque\noccaecati deserunt quas accusantium unde odit nobis qui voluptatem\nquia voluptas consequuntur itaque...</msg>
<status status="PASS" starttime="20230604 22:35:59.781" endtime="20230604 22:35:59.781"/>
</kw>
<kw name="Get Value From Json" library="JSONLibrary">
<var>${email}</var>
<arg>${content}</arg>
<arg>[0].email</arg>
<doc>Get Value From JSON using JSONPath</doc>
<msg timestamp="20230604 22:35:59.807" level="INFO">${email} = ['Lew@alysha.tv']</msg>
<status status="PASS" starttime="20230604 22:35:59.782" endtime="20230604 22:35:59.807"/>
</kw>
<kw name="Log" library="BuiltIn">
<arg>\nEmail cadastrado é: ${email}</arg>
<arg>console=${True}</arg>
<doc>Logs the given message with the given level.</doc>
<msg timestamp="20230604 22:35:59.808" level="INFO">
Email cadastrado é: ['Lew@alysha.tv']</msg>
<status status="PASS" starttime="20230604 22:35:59.807" endtime="20230604 22:35:59.808"/>
</kw>
<status status="PASS" starttime="20230604 22:35:59.314" endtime="20230604 22:35:59.808"/>
</kw>
<tag>GET</tag>
<status status="PASS" starttime="20230604 22:35:59.314" endtime="20230604 22:35:59.808"/>
</test>
<test id="s1-t2" name="POST statuscode=201 e id" line="13">
<kw name="Valido resquisicao POST statuscode=201 e id" library="kwStepsPOST">
<kw name="Criar sessao PlaceHolder" library="base">
<kw name="Create Session" library="RequestsLibrary">
<arg>TesteAPI</arg>
<arg>${URL_BASE}</arg>
<arg>verify=true</arg>
<doc>Create Session: create a HTTP session to a server</doc>
<msg timestamp="20230604 22:35:59.810" level="INFO">Creating Session using : alias=TesteAPI, url=https://jsonplaceholder.typicode.com, headers={},                     cookies={}, auth=None, timeout=None, proxies=None, verify=True,                     debug=0 </msg>
<status status="PASS" starttime="20230604 22:35:59.810" endtime="20230604 22:35:59.810"/>
</kw>
<status status="PASS" starttime="20230604 22:35:59.810" endtime="20230604 22:35:59.810"/>
</kw>
<kw name="Create Dictionary" library="BuiltIn">
<var>${headers}</var>
<arg>Content-Type=application/json</arg>
<doc>Creates and returns a dictionary based on the given ``items``.</doc>
<msg timestamp="20230604 22:35:59.810" level="INFO">${headers} = {'Content-Type': 'application/json'}</msg>
<status status="PASS" starttime="20230604 22:35:59.810" endtime="20230604 22:35:59.810"/>
</kw>
<kw name="Create Dictionary" library="BuiltIn">
<var>${data}</var>
<arg>name=Ralph Souza</arg>
<arg>username=Ralph</arg>
<arg>email=eu@test.io</arg>
<doc>Creates and returns a dictionary based on the given ``items``.</doc>
<msg timestamp="20230604 22:35:59.811" level="INFO">${data} = {'name': 'Ralph Souza', 'username': 'Ralph', 'email': 'eu@test.io'}</msg>
<status status="PASS" starttime="20230604 22:35:59.810" endtime="20230604 22:35:59.811"/>
</kw>
<kw name="POST On Session" library="RequestsLibrary">
<var>${response}</var>
<arg>TesteAPI</arg>
<arg>/users</arg>
<arg>headers=${headers}</arg>
<arg>json=${data}</arg>
<doc>Sends a POST request on a previously created HTTP Session.</doc>
<msg timestamp="20230604 22:36:00.303" level="INFO">POST Request : url=https://jsonplaceholder.typicode.com/users 
 path_url=/users 
 headers={'User-Agent': 'python-requests/2.28.1', 'Accept-Encoding': 'gzip, deflate', 'Accept': '*/*', 'Connection': 'keep-alive', 'Content-Type': 'application/json', 'Content-Length': '67'} 
 body=b'{"name": "Ralph Souza", "username": "Ralph", "email": "eu@test.io"}' 
 </msg>
<msg timestamp="20230604 22:36:00.303" level="INFO">POST Response : url=https://jsonplaceholder.typicode.com/users 
 status=201, reason=Created 
 headers={'Date': 'Mon, 05 Jun 2023 01:35:59 GMT', 'Content-Type': 'application/json; charset=utf-8', 'Content-Length': '87', 'Connection': 'keep-alive', 'X-Powered-By': 'Express', 'X-Ratelimit-Limit': '1000', 'X-Ratelimit-Remaining': '998', 'X-Ratelimit-Reset': '1685928983', 'Vary': 'Origin, X-HTTP-Method-Override, Accept-Encoding', 'Access-Control-Allow-Credentials': 'true', 'Cache-Control': 'no-cache', 'Pragma': 'no-cache', 'Expires': '-1', 'Access-Control-Expose-Headers': 'Location', 'Location': 'http://jsonplaceholder.typicode.com/users/11', 'X-Content-Type-Options': 'nosniff', 'Etag': 'W/"57-Fytg6TKney3zRsmfXvgzHp4gyuc"', 'Via': '1.1 vegur', 'CF-Cache-Status': 'DYNAMIC', 'Report-To': '{"endpoints":[{"url":"https:\\/\\/a.nel.cloudflare.com\\/report\\/v3?s=F%2B6WBh3u6BJ3%2FIlm9UhNTCqtvxl7A%2FEkzDJ4Y4XyNg9FjUIAWtO1UG2SuPZJ9Vq7CdCNunutKyb1Ee9FF1SParlGZ5rETpjn5vI5iFgaCj6UDqwGkZFjtYWHwBfSncHfF%2B004gz6zRamEYRrY5wnYZTyyjNB%2FRQ2Vjk%3D"}],"group":"cf-nel","max_age":604800}', 'NEL': '{"success_fraction":0,"report_to":"cf-nel","max_age":604800}', 'Server': 'cloudflare', 'CF-RAY': '7d24ae99acb51abd-GRU'} 
 body={
  "name": "Ralph Souza",
  "username": "Ralph",
  "email": "eu@test.io",
  "id": 11
} 
 </msg>
<msg timestamp="20230604 22:36:00.304" level="INFO">${response} = &lt;Response [201]&gt;</msg>
<status status="PASS" starttime="20230604 22:35:59.811" endtime="20230604 22:36:00.304"/>
</kw>
<kw name="Log" library="BuiltIn">
<arg>\nStatuscode: ${response.status_code}</arg>
<arg>console=${True}</arg>
<doc>Logs the given message with the given level.</doc>
<msg timestamp="20230604 22:36:00.304" level="INFO">
Statuscode: 201</msg>
<status status="PASS" starttime="20230604 22:36:00.304" endtime="20230604 22:36:00.304"/>
</kw>
<kw name="To Json" library="RequestsLibrary">
<var>${json}</var>
<arg>${response.content}</arg>
<arg>pretty_print=True</arg>
<doc>*DEPRECATED* Please use ${resp.json()} instead. Have a look at the improved HTML output as pretty printing replacement.</doc>
<msg timestamp="20230604 22:36:00.305" level="WARN">Keyword 'RequestsLibrary.To Json' is deprecated. Please use ${resp.json()} instead. Have a look at the improved HTML output as pretty printing replacement.</msg>
<msg timestamp="20230604 22:36:00.306" level="INFO">To JSON using : content={
  "name": "Ralph Souza",
  "username": "Ralph",
  "email": "eu@test.io",
  "id": 11
} </msg>
<msg timestamp="20230604 22:36:00.306" level="INFO">To JSON using : pretty_print=True </msg>
<msg timestamp="20230604 22:36:00.306" level="INFO">${json} = {
    "email": "eu@test.io",
    "id": 11,
    "name": "Ralph Souza",
    "username": "Ralph"
}</msg>
<status status="PASS" starttime="20230604 22:36:00.305" endtime="20230604 22:36:00.306"/>
</kw>
<kw name="Log" library="BuiltIn">
<arg>\n${json}</arg>
<arg>console=yes</arg>
<doc>Logs the given message with the given level.</doc>
<msg timestamp="20230604 22:36:00.306" level="INFO">
{
    "email": "eu@test.io",
    "id": 11,
    "name": "Ralph Souza",
    "username": "Ralph"
}</msg>
<status status="PASS" starttime="20230604 22:36:00.306" endtime="20230604 22:36:00.306"/>
</kw>
<kw name="Convert String To Json" library="JSONLibrary">
<var>${resp_body}</var>
<arg>${response.content}</arg>
<doc>Convert String to JSON object</doc>
<msg timestamp="20230604 22:36:00.307" level="INFO">${resp_body} = {'name': 'Ralph Souza', 'username': 'Ralph', 'email': 'eu@test.io', 'id': 11}</msg>
<status status="PASS" starttime="20230604 22:36:00.306" endtime="20230604 22:36:00.307"/>
</kw>
<kw name="Get Value From Json" library="JSONLibrary">
<var>${num_id}</var>
<arg>${resp_body}</arg>
<arg>$.id</arg>
<doc>Get Value From JSON using JSONPath</doc>
<msg timestamp="20230604 22:36:00.321" level="INFO">${num_id} = [11]</msg>
<status status="PASS" starttime="20230604 22:36:00.307" endtime="20230604 22:36:00.321"/>
</kw>
<kw name="Log" library="BuiltIn">
<arg>\nNúmero do ID: ${num_id}</arg>
<arg>console=${True}</arg>
<doc>Logs the given message with the given level.</doc>
<msg timestamp="20230604 22:36:00.321" level="INFO">
Número do ID: [11]</msg>
<status status="PASS" starttime="20230604 22:36:00.321" endtime="20230604 22:36:00.322"/>
</kw>
<kw name="Convert Json To String" library="JSONLibrary">
<var>${num_id}</var>
<arg>${num_id}</arg>
<doc>Convert JSON object to string</doc>
<msg timestamp="20230604 22:36:00.322" level="INFO">${num_id} = [11]</msg>
<status status="PASS" starttime="20230604 22:36:00.322" endtime="20230604 22:36:00.322"/>
</kw>
<kw name="Should Be Equal" library="BuiltIn">
<arg>${num_id}</arg>
<arg>[11]</arg>
<doc>Fails if the given objects are unequal.</doc>
<status status="PASS" starttime="20230604 22:36:00.322" endtime="20230604 22:36:00.322"/>
</kw>
<status status="PASS" starttime="20230604 22:35:59.809" endtime="20230604 22:36:00.322"/>
</kw>
<tag>POST</tag>
<status status="PASS" starttime="20230604 22:35:59.809" endtime="20230604 22:36:00.322"/>
</test>
<test id="s1-t3" name="PUT statuscode=201 alteracao de dados" line="17">
<kw name="Valido requisicao PUT statuscode=200 e alteracao de dados" library="kwStepsPUT">
<kw name="Criar sessao PlaceHolder" library="base">
<kw name="Create Session" library="RequestsLibrary">
<arg>TesteAPI</arg>
<arg>${URL_BASE}</arg>
<arg>verify=true</arg>
<doc>Create Session: create a HTTP session to a server</doc>
<msg timestamp="20230604 22:36:00.324" level="INFO">Creating Session using : alias=TesteAPI, url=https://jsonplaceholder.typicode.com, headers={},                     cookies={}, auth=None, timeout=None, proxies=None, verify=True,                     debug=0 </msg>
<status status="PASS" starttime="20230604 22:36:00.324" endtime="20230604 22:36:00.324"/>
</kw>
<status status="PASS" starttime="20230604 22:36:00.323" endtime="20230604 22:36:00.324"/>
</kw>
<kw name="Create Dictionary" library="BuiltIn">
<var>${headers}</var>
<arg>Content-Type=application/json</arg>
<doc>Creates and returns a dictionary based on the given ``items``.</doc>
<msg timestamp="20230604 22:36:00.324" level="INFO">${headers} = {'Content-Type': 'application/json'}</msg>
<status status="PASS" starttime="20230604 22:36:00.324" endtime="20230604 22:36:00.324"/>
</kw>
<kw name="Evaluate" library="BuiltIn">
<var>${geo}</var>
<arg>{"lat": "10.1234", "lng": "20.5678"}</arg>
<doc>Evaluates the given expression in Python and returns the result.</doc>
<msg timestamp="20230604 22:36:00.324" level="INFO">${geo} = {'lat': '10.1234', 'lng': '20.5678'}</msg>
<status status="PASS" starttime="20230604 22:36:00.324" endtime="20230604 22:36:00.324"/>
</kw>
<kw name="Create Dictionary" library="BuiltIn">
<var>${data}</var>
<arg>address="geo": ${geo}</arg>
<doc>Creates and returns a dictionary based on the given ``items``.</doc>
<msg timestamp="20230604 22:36:00.325" level="INFO">${data} = {'address': '"geo": {\'lat\': \'10.1234\', \'lng\': \'20.5678\'}'}</msg>
<status status="PASS" starttime="20230604 22:36:00.324" endtime="20230604 22:36:00.325"/>
</kw>
<kw name="PUT On Session" library="RequestsLibrary">
<var>${response}</var>
<arg>TesteAPI</arg>
<arg>/users/5</arg>
<arg>headers=${headers}</arg>
<arg>json=${data}</arg>
<doc>Sends a PUT request on a previously created HTTP Session.</doc>
<msg timestamp="20230604 22:36:00.631" level="INFO">PUT Request : url=https://jsonplaceholder.typicode.com/users/5 
 path_url=/users/5 
 headers={'User-Agent': 'python-requests/2.28.1', 'Accept-Encoding': 'gzip, deflate', 'Accept': '*/*', 'Connection': 'keep-alive', 'Content-Type': 'application/json', 'Content-Length': '60'} 
 body=b'{"address": "\\"geo\\": {\'lat\': \'10.1234\', \'lng\': \'20.5678\'}"}' 
 </msg>
<msg timestamp="20230604 22:36:00.631" level="INFO">PUT Response : url=https://jsonplaceholder.typicode.com/users/5 
 status=200, reason=OK 
 headers={'Date': 'Mon, 05 Jun 2023 01:35:59 GMT', 'Content-Type': 'application/json; charset=utf-8', 'Transfer-Encoding': 'chunked', 'Connection': 'keep-alive', 'X-Powered-By': 'Express', 'X-Ratelimit-Limit': '1000', 'X-Ratelimit-Remaining': '997', 'X-Ratelimit-Reset': '1685928983', 'Vary': 'Origin, Accept-Encoding', 'Access-Control-Allow-Credentials': 'true', 'Cache-Control': 'no-cache', 'Pragma': 'no-cache', 'Expires': '-1', 'X-Content-Type-Options': 'nosniff', 'Etag': 'W/"4b-qLwswwJVzNEOGhjfbn+jAc5SszU"', 'Via': '1.1 vegur', 'CF-Cache-Status': 'DYNAMIC', 'Report-To': '{"endpoints":[{"url":"https:\\/\\/a.nel.cloudflare.com\\/report\\/v3?s=rtYNKP90QmT4w8zywuBZqbjwurezEIbkCe1ItYrr8UEs3B6DPKs6d%2FyjkDdn8J%2FEXw%2FkcLxiT8VbjbjB1z7wWzGSwI6l3Kfpj7DMTS6N5pTQ1fOKq9M3X3zqNqf56WLzvzLVLYvp4hVKdEZWcMGqJK2LomazcJxtG4g%3D"}],"group":"cf-nel","max_age":604800}', 'NEL': '{"success_fraction":0,"report_to":"cf-nel","max_age":604800}', 'Server': 'cloudflare', 'CF-RAY': '7d24ae9c2fa31cf3-GRU', 'Content-Encoding': 'gzip'} 
 body={
  "address": "\"geo\": {'lat': '10.1234', 'lng': '20.5678'}",
  "id": 5
} 
 </msg>
<msg timestamp="20230604 22:36:00.631" level="INFO">${response} = &lt;Response [200]&gt;</msg>
<status status="PASS" starttime="20230604 22:36:00.325" endtime="20230604 22:36:00.631"/>
</kw>
<kw name="Should Be Equal As Strings" library="BuiltIn">
<arg>${response.status_code}</arg>
<arg>200</arg>
<doc>Fails if objects are unequal after converting them to strings.</doc>
<msg timestamp="20230604 22:36:00.632" level="INFO">Argument types are:
&lt;class 'int'&gt;
&lt;class 'str'&gt;</msg>
<status status="PASS" starttime="20230604 22:36:00.631" endtime="20230604 22:36:00.632"/>
</kw>
<kw name="Log" library="BuiltIn">
<arg>\nStatuscode: ${response.status_code}</arg>
<doc>Logs the given message with the given level.</doc>
<msg timestamp="20230604 22:36:00.632" level="INFO">
Statuscode: 200</msg>
<status status="PASS" starttime="20230604 22:36:00.632" endtime="20230604 22:36:00.632"/>
</kw>
<kw name="Log" library="BuiltIn">
<arg>\nGeolocalização de data contida: ${geo}</arg>
<arg>console=${True}</arg>
<doc>Logs the given message with the given level.</doc>
<msg timestamp="20230604 22:36:00.632" level="INFO">
Geolocalização de data contida: {'lat': '10.1234', 'lng': '20.5678'}</msg>
<status status="PASS" starttime="20230604 22:36:00.632" endtime="20230604 22:36:00.633"/>
</kw>
<kw name="Should Be True" library="BuiltIn">
<arg>${geo}</arg>
<arg>${data}</arg>
<doc>Fails if the given condition is not true.</doc>
<status status="PASS" starttime="20230604 22:36:00.633" endtime="20230604 22:36:00.633"/>
</kw>
<status status="PASS" starttime="20230604 22:36:00.323" endtime="20230604 22:36:00.633"/>
</kw>
<tag>PUT</tag>
<status status="PASS" starttime="20230604 22:36:00.323" endtime="20230604 22:36:00.633"/>
</test>
<status status="PASS" starttime="20230604 22:35:59.053" endtime="20230604 22:36:00.634"/>
</suite>
<statistics>
<total>
<stat pass="3" fail="0" skip="0">All Tests</stat>
</total>
<tag>
<stat pass="1" fail="0" skip="0">GET</stat>
<stat pass="1" fail="0" skip="0">POST</stat>
<stat pass="1" fail="0" skip="0">PUT</stat>
</tag>
<suite>
<stat pass="3" fail="0" skip="0" id="s1" name="testesAPI">testesAPI</stat>
</suite>
</statistics>
<errors>
<msg timestamp="20230604 22:35:59.779" level="WARN">Keyword 'RequestsLibrary.To Json' is deprecated. Please use ${resp.json()} instead. Have a look at the improved HTML output as pretty printing replacement.</msg>
<msg timestamp="20230604 22:36:00.305" level="WARN">Keyword 'RequestsLibrary.To Json' is deprecated. Please use ${resp.json()} instead. Have a look at the improved HTML output as pretty printing replacement.</msg>
</errors>
</robot>
